2026-02-13 16:52:09: 🔌 [RabbitMQ] Iniciando conexão...
2026-02-13 16:52:09: ✅ [RabbitMQ] Conectado e Exchange configurada!
2026-02-13 16:52:09: [*] Worker iniciado na fila [q.integracao.eletroinga_produtosetor_atualizado ] ouvindo  tenant.02929618000166.produtosetor.atualizado
2026-02-13 16:52:09: [v] Recebido em [q.integracao.eletroinga_produtosetor_atualizado]  | Key: tenant.02929618000166.produtosetor.atualizado
2026-02-13 16:52:09: [X] A mensagem não será consumida, conteudo gerado por erp_integration... 
2026-02-13 16:52:09: [v] Recebido em [q.integracao.eletroinga_produtosetor_atualizado]  | Key: tenant.02929618000166.produtosetor.atualizado
2026-02-13 16:52:09: [X] A mensagem não será consumida, conteudo gerado por erp_integration... 
2026-02-13 16:52:09: [v] Recebido em [q.integracao.eletroinga_produtosetor_atualizado]  | Key: tenant.02929618000166.produtosetor.atualizado
2026-02-13 16:52:09: [X] A mensagem não será consumida, conteudo gerado por erp_integration... 
2026-02-13 16:52:09: [v] Recebido em [q.integracao.eletroinga_produtosetor_atualizado]  | Key: tenant.02929618000166.produtosetor.atualizado
2026-02-13 16:52:09: [X] A mensagem não será consumida, conteudo gerado por erp_integration... 
2026-02-13 16:52:09: [v] Recebido em [q.integracao.eletroinga_produtosetor_atualizado]  | Key: tenant.02929618000166.produtosetor.atualizado
2026-02-13 16:52:09: [X] A mensagem não será consumida, conteudo gerado por erp_integration... 
2026-02-13 16:52:09: [v] Recebido em [q.integracao.eletroinga_produtosetor_atualizado]  | Key: tenant.02929618000166.produtosetor.atualizado
2026-02-13 16:52:09: [X] A mensagem não será consumida, conteudo gerado por erp_integration... 
2026-02-13 16:52:09: [v] Recebido em [q.integracao.eletroinga_produtosetor_atualizado]  | Key: tenant.02929618000166.produtosetor.atualizado
2026-02-13 16:52:09: [X] A mensagem não será consumida, conteudo gerado por erp_integration... 
2026-02-13 16:52:10: [*] Worker iniciado na fila [q.integracao.eletroinga_movimentosprodutos_inserido ] ouvindo  tenant.02929618000166.movimentosprodutos.inserido
2026-02-13 16:52:19: [V] Verificando eventos_produtos_sistema ...
2026-02-13 16:52:19:  Enviando saldo produto 25566...
2026-02-13 16:52:20: [V] Verificando eventos_setores_sistema ...
2026-02-13 16:52:20: Aguardando 0.5 segundos ...
2026-02-13 16:52:20: [v] Recebido em [q.integracao.eletroinga_produtosetor_atualizado]  | Key: tenant.02929618000166.produtosetor.atualizado
2026-02-13 16:52:20: [X] A mensagem não será consumida, conteudo gerado por erp_integration... 
2026-02-13 16:52:20:  Enviando saldo produto 30193...
2026-02-13 16:52:20: Aguardando 0.5 segundos ...
2026-02-13 16:52:20:  Enviando saldo produto 22471...
2026-02-13 16:52:20: [v] Recebido em [q.integracao.eletroinga_produtosetor_atualizado]  | Key: tenant.02929618000166.produtosetor.atualizado
2026-02-13 16:52:20: [X] A mensagem não será consumida, conteudo gerado por erp_integration... 
2026-02-13 16:52:21: Aguardando 0.5 segundos ...
2026-02-13 16:52:21:  Enviando saldo produto 28928...
2026-02-13 16:52:21: [v] Recebido em [q.integracao.eletroinga_produtosetor_atualizado]  | Key: tenant.02929618000166.produtosetor.atualizado
2026-02-13 16:52:21: [X] A mensagem não será consumida, conteudo gerado por erp_integration... 
2026-02-13 16:52:21: Aguardando 0.5 segundos ...
2026-02-13 16:52:21:  Enviando saldo produto 15374...
2026-02-13 16:52:21: [v] Recebido em [q.integracao.eletroinga_produtosetor_atualizado]  | Key: tenant.02929618000166.produtosetor.atualizado
2026-02-13 16:52:21: [X] A mensagem não será consumida, conteudo gerado por erp_integration... 
2026-02-13 16:52:22: Aguardando 0.5 segundos ...
2026-02-13 16:52:22:  Atualizando  produto 4540...
2026-02-13 16:52:22: [v] Recebido em [q.integracao.eletroinga_produtosetor_atualizado]  | Key: tenant.02929618000166.produtosetor.atualizado
2026-02-13 16:52:22: [X] A mensagem não será consumida, conteudo gerado por erp_integration... 
2026-02-13 16:52:23: Aguardando 0.5 segundos ...
2026-02-13 16:52:23:  Atualizando  produto 4541...
2026-02-13 16:52:23: Aguardando 0.5 segundos ...
2026-02-13 16:52:23:  Atualizando  produto 4543...
2026-02-13 16:52:24: Aguardando 0.5 segundos ...
2026-02-13 16:52:24:  Atualizando  produto 4544...
2026-02-13 16:52:24: Aguardando 0.5 segundos ...
2026-02-13 16:52:24:  Atualizando  produto 4545...
2026-02-13 16:52:25: Aguardando 0.5 segundos ...
2026-02-13 16:52:25:  Atualizando  produto 4546...
2026-02-13 16:52:25: Aguardando 0.5 segundos ...
2026-02-13 16:52:25:  Atualizando  produto 4548...
2026-02-13 16:52:26: Aguardando 0.5 segundos ...
2026-02-13 16:52:26:  Atualizando  produto 4549...
2026-02-13 16:52:26: Aguardando 0.5 segundos ...
2026-02-13 16:52:26:  Atualizando  produto 4550...
2026-02-13 16:52:27: Aguardando 0.5 segundos ...
2026-02-13 16:52:27:  Atualizando  produto 4551...
2026-02-13 16:52:27: Aguardando 0.5 segundos ...
2026-02-13 16:52:27:  Atualizando  produto 4552...
2026-02-13 16:52:28: Aguardando 0.5 segundos ...
2026-02-13 16:52:28:  Atualizando  produto 4553...
2026-02-13 16:52:29: Aguardando 0.5 segundos ...
2026-02-13 16:52:29:  Atualizando  produto 4554...
2026-02-13 16:52:29: Aguardando 0.5 segundos ...
2026-02-13 16:52:29:  Atualizando  produto 4555...
2026-02-13 16:52:29: Tarefa anterior em execução...
2026-02-13 16:52:30: [V] Verificando eventos_setores_sistema ...
2026-02-13 16:52:30: Aguardando 0.5 segundos ...
2026-02-13 16:52:30:  Atualizando  produto 4556...
2026-02-13 16:52:30: Aguardando 0.5 segundos ...
2026-02-13 16:52:30:  Atualizando  produto 4557...
2026-02-13 16:52:31: Aguardando 0.5 segundos ...
2026-02-13 16:52:31:  Enviando   produto 4558...
2026-02-13 16:52:31: Aguardando 0.5 segundos ...
2026-02-13 16:52:31:  Enviando   produto 4560...
2026-02-13 16:52:32: Aguardando 0.5 segundos ...
2026-02-13 16:52:32:  Enviando   produto 4561...
2026-02-13 16:52:32: Aguardando 0.5 segundos ...
2026-02-13 16:52:32:  Enviando   produto 4562...
2026-02-13 16:52:33: Aguardando 0.5 segundos ...
2026-02-13 16:52:33:  Enviando   produto 4564...
2026-02-13 16:52:33: Aguardando 0.5 segundos ...
2026-02-13 16:52:33:  Enviando   produto 4565...
2026-02-13 16:52:34: Aguardando 0.5 segundos ...
2026-02-13 16:52:34:  Enviando   produto 4566...
2026-02-13 16:52:35: Aguardando 0.5 segundos ...
2026-02-13 16:52:35:  Enviando   produto 4567...
2026-02-13 16:52:35: Aguardando 0.5 segundos ...
2026-02-13 16:52:35:  Enviando   produto 4568...
2026-02-13 16:52:36: Aguardando 0.5 segundos ...
2026-02-13 16:52:36:  Enviando   produto 4569...
2026-02-13 16:52:36: Aguardando 0.5 segundos ...
2026-02-13 16:52:36:  Enviando   produto 4570...
2026-02-13 16:52:37: Aguardando 0.5 segundos ...
2026-02-13 16:52:37:  Enviando   produto 4572...
2026-02-13 16:52:37: Aguardando 0.5 segundos ...
2026-02-13 16:52:37:  Enviando   produto 4573...
2026-02-13 16:52:38: Aguardando 0.5 segundos ...
2026-02-13 16:52:38:  Enviando   produto 4574...
2026-02-13 16:52:38: Aguardando 0.5 segundos ...
2026-02-13 16:52:38:  Enviando   produto 4575...
2026-02-13 16:52:39: Aguardando 0.5 segundos ...
2026-02-13 16:52:39:  Enviando   produto 4576...
2026-02-13 16:52:39: Tarefa anterior em execução...
2026-02-13 16:52:39: Aguardando 0.5 segundos ...
2026-02-13 16:52:40:  Enviando   produto 4577...
2026-02-13 16:52:40: [V] Verificando eventos_setores_sistema ...
2026-02-13 16:52:40: Aguardando 0.5 segundos ...
2026-02-13 16:52:40:  Enviando   produto 4578...
2026-02-13 16:52:41: Aguardando 0.5 segundos ...
2026-02-13 16:52:41:  Enviando   produto 4579...
2026-02-13 16:52:41: Aguardando 0.5 segundos ...
2026-02-13 16:52:41:  Enviando   produto 4580...
2026-02-13 16:52:42: Aguardando 0.5 segundos ...
2026-02-13 16:52:42:  Enviando   produto 4581...
2026-02-13 16:52:42: Aguardando 0.5 segundos ...
2026-02-13 16:52:42:  Enviando   produto 4582...
2026-02-13 16:52:43: Aguardando 0.5 segundos ...
2026-02-13 16:52:43:  Enviando   produto 4583...
2026-02-13 16:52:43: Aguardando 0.5 segundos ...
2026-02-13 16:52:43:  Enviando   produto 4584...
2026-02-13 16:52:44: Aguardando 0.5 segundos ...
2026-02-13 16:52:44:  Enviando   produto 4585...
2026-02-13 16:52:44: Aguardando 0.5 segundos ...
2026-02-13 16:52:44:  Enviando   produto 4586...
2026-02-13 16:52:45: Aguardando 0.5 segundos ...
2026-02-13 16:52:45:  Enviando   produto 4587...
2026-02-13 16:52:45: Aguardando 0.5 segundos ...
2026-02-13 16:52:46:  Enviando   produto 4588...
2026-02-13 16:52:46: Aguardando 0.5 segundos ...
2026-02-13 16:52:46:  Enviando   produto 4589...
2026-02-13 16:52:47: Aguardando 0.5 segundos ...
2026-02-13 16:52:47:  Enviando   produto 4590...
2026-02-13 16:52:47: Aguardando 0.5 segundos ...
2026-02-13 16:52:47:  Enviando   produto 4591...
2026-02-13 16:52:48: Aguardando 0.5 segundos ...
2026-02-13 16:52:48:  Enviando   produto 4592...
2026-02-13 16:52:48: Aguardando 0.5 segundos ...
2026-02-13 16:52:48:  Enviando   produto 4593...
2026-02-13 16:52:49: Aguardando 0.5 segundos ...
2026-02-13 16:52:49:  Enviando   produto 4594...
2026-02-13 16:52:49: Tarefa anterior em execução...
2026-02-13 16:52:49: Aguardando 0.5 segundos ...
2026-02-13 16:52:49:  Enviando   produto 4595...
2026-02-13 16:52:50: [V] Verificando eventos_setores_sistema ...
2026-02-13 16:52:50: Aguardando 0.5 segundos ...
2026-02-13 16:52:50:  Enviando   produto 4596...
2026-02-13 16:52:50: Aguardando 0.5 segundos ...
2026-02-13 16:52:50:  Enviando   produto 4597...
2026-02-13 16:52:51: Aguardando 0.5 segundos ...
2026-02-13 16:52:51:  Enviando   produto 4598...
2026-02-13 16:52:51: Aguardando 0.5 segundos ...
2026-02-13 16:52:51:  Enviando   produto 4599...
2026-02-13 16:52:52: Aguardando 0.5 segundos ...
2026-02-13 16:52:52:  Enviando   produto 4600...
2026-02-13 16:52:53: Aguardando 0.5 segundos ...
2026-02-13 16:52:53:  Enviando   produto 4601...
2026-02-13 16:52:53: Aguardando 0.5 segundos ...
2026-02-13 16:52:53:  Enviando   produto 4602...
2026-02-13 16:52:54: Aguardando 0.5 segundos ...
2026-02-13 16:52:54:  Enviando   produto 4603...
2026-02-13 16:52:54: Aguardando 0.5 segundos ...
2026-02-13 16:52:54:  Enviando   produto 4604...
2026-02-13 16:52:55: Aguardando 0.5 segundos ...
2026-02-13 16:52:55:  Enviando   produto 4605...
2026-02-13 16:52:55: Aguardando 0.5 segundos ...
2026-02-13 16:52:55:  Enviando   produto 4606...
2026-02-13 16:52:56: Aguardando 0.5 segundos ...
2026-02-13 16:52:56:  Enviando   produto 4607...
2026-02-13 16:52:56: Aguardando 0.5 segundos ...
2026-02-13 16:52:56:  Enviando   produto 4608...
2026-02-13 16:52:57: Aguardando 0.5 segundos ...
2026-02-13 16:52:57:  Enviando   produto 4609...
2026-02-13 16:52:57: Aguardando 0.5 segundos ...
2026-02-13 16:52:57:  Enviando   produto 4610...
2026-02-13 16:52:58: Aguardando 0.5 segundos ...
2026-02-13 16:52:58:  Enviando   produto 4611...
2026-02-13 16:52:59: Aguardando 0.5 segundos ...
2026-02-13 16:52:59:  Enviando   produto 4612...
2026-02-13 16:52:59: Aguardando 0.5 segundos ...
2026-02-13 16:52:59:  Enviando   produto 4613...
2026-02-13 16:52:59: Tarefa anterior em execução...
2026-02-13 16:53:00: Aguardando 0.5 segundos ...
2026-02-13 16:53:00: [V] Verificando eventos_setores_sistema ...
2026-02-13 16:53:00:  Enviando   produto 4614...
2026-02-13 16:53:00: Aguardando 0.5 segundos ...
2026-02-13 16:53:00:  Enviando   produto 4615...
2026-02-13 16:53:01: Aguardando 0.5 segundos ...
2026-02-13 16:53:01:  Enviando   produto 4616...
2026-02-13 16:53:01: Aguardando 0.5 segundos ...
2026-02-13 16:53:01:  Enviando   produto 4617...
2026-02-13 16:53:02: Aguardando 0.5 segundos ...
2026-02-13 16:53:02:  Enviando   produto 4618...
2026-02-13 16:53:02: Aguardando 0.5 segundos ...
2026-02-13 16:53:02:  Enviando   produto 4619...
2026-02-13 16:53:03: Aguardando 0.5 segundos ...
2026-02-13 16:53:03:  Enviando   produto 4620...
2026-02-13 16:53:03: Aguardando 0.5 segundos ...
2026-02-13 16:53:03:  Enviando   produto 4621...
2026-02-13 16:53:04: Aguardando 0.5 segundos ...
2026-02-13 16:53:04:  Enviando   produto 4622...
2026-02-13 16:53:04: Aguardando 0.5 segundos ...
2026-02-13 16:53:05:  Enviando   produto 4623...
2026-02-13 16:53:05: Aguardando 0.5 segundos ...
2026-02-13 16:53:05:  Enviando   produto 4624...
2026-02-13 16:53:06: Aguardando 0.5 segundos ...
2026-02-13 16:53:06:  Enviando   produto 4625...
2026-02-13 16:53:06: Aguardando 0.5 segundos ...
2026-02-13 16:53:06:  Enviando   produto 4626...
2026-02-13 16:53:07: Aguardando 0.5 segundos ...
2026-02-13 16:53:07:  Enviando   produto 4627...
2026-02-13 16:53:07: Aguardando 0.5 segundos ...
2026-02-13 16:53:07:  Enviando   produto 4628...
2026-02-13 16:53:08: Aguardando 0.5 segundos ...
2026-02-13 16:53:08:  Enviando   produto 4629...
2026-02-13 16:53:08: Aguardando 0.5 segundos ...
2026-02-13 16:53:08:  Enviando   produto 4630...
2026-02-13 16:53:09: Aguardando 0.5 segundos ...
2026-02-13 16:53:09:  Enviando   produto 4631...
2026-02-13 16:53:09: Tarefa anterior em execução...
2026-02-13 16:53:09: Aguardando 0.5 segundos ...
2026-02-13 16:53:09:  Enviando   produto 4632...
2026-02-13 16:53:10: [V] Verificando eventos_setores_sistema ...
2026-02-13 16:53:10: Aguardando 0.5 segundos ...
2026-02-13 16:53:10:  Enviando   produto 4633...
2026-02-13 16:53:11: Aguardando 0.5 segundos ...
2026-02-13 16:53:11:  Enviando   produto 4634...
2026-02-13 16:53:11: Aguardando 0.5 segundos ...
2026-02-13 16:53:11:  Enviando   produto 4636...
2026-02-13 16:53:12: Aguardando 0.5 segundos ...
2026-02-13 16:53:12:  Enviando   produto 4637...
2026-02-13 16:53:12: Aguardando 0.5 segundos ...
2026-02-13 16:53:12:  Enviando   produto 4638...
2026-02-13 16:53:13: Aguardando 0.5 segundos ...
2026-02-13 16:53:13:  Enviando   produto 4639...
2026-02-13 16:53:13: Aguardando 0.5 segundos ...
2026-02-13 16:53:13:  Enviando   produto 4640...
2026-02-13 16:53:14: Aguardando 0.5 segundos ...
2026-02-13 16:53:14:  Enviando   produto 4641...
2026-02-13 16:53:14: Aguardando 0.5 segundos ...
2026-02-13 16:53:14:  Enviando   produto 4642...
2026-02-13 16:53:15: Aguardando 0.5 segundos ...
2026-02-13 16:53:15:  Enviando   produto 4643...
2026-02-13 16:53:15: Aguardando 0.5 segundos ...
2026-02-13 16:53:15:  Enviando   produto 4644...
2026-02-13 16:53:16: Aguardando 0.5 segundos ...
2026-02-13 16:53:16:  Enviando   produto 4645...
2026-02-13 16:53:17: Aguardando 0.5 segundos ...
2026-02-13 16:53:17:  Enviando   produto 4646...
2026-02-13 16:53:17: Aguardando 0.5 segundos ...
2026-02-13 16:53:17:  Enviando   produto 4647...
2026-02-13 16:53:18: Aguardando 0.5 segundos ...
2026-02-13 16:53:18:  Enviando   produto 4648...
2026-02-13 16:53:18: Aguardando 0.5 segundos ...
2026-02-13 16:53:18:  Enviando   produto 4649...
2026-02-13 16:53:19: Aguardando 0.5 segundos ...
2026-02-13 16:53:19:  Enviando   produto 4650...
2026-02-13 16:53:19: Tarefa anterior em execução...
2026-02-13 16:53:19: Aguardando 0.5 segundos ...
2026-02-13 16:53:19:  Enviando   produto 4653...
2026-02-13 16:53:20: [V] Verificando eventos_setores_sistema ...
2026-02-13 16:53:20: Aguardando 0.5 segundos ...
2026-02-13 16:53:20:  Enviando   produto 4654...
2026-02-13 16:53:20: Aguardando 0.5 segundos ...
2026-02-13 16:53:20:  Enviando   produto 4655...
2026-02-13 16:53:21: Aguardando 0.5 segundos ...
2026-02-13 16:53:21:  Enviando   produto 4657...
2026-02-13 16:54:28: 🔌 [RabbitMQ] Iniciando conexão...
2026-02-13 16:54:28: ✅ [RabbitMQ] Conectado e Exchange configurada!
2026-02-13 16:54:28: [*] Worker iniciado na fila [q.integracao.eletroinga_produtosetor_atualizado ] ouvindo  tenant.02929618000166.produtosetor.atualizado
2026-02-13 16:54:28: [v] Recebido em [q.integracao.eletroinga_produtosetor_atualizado]  | Key: tenant.02929618000166.produtosetor.atualizado
2026-02-13 16:54:28: [X] A mensagem não será consumida, conteudo gerado por erp_integration... 
2026-02-13 16:54:28: [v] Recebido em [q.integracao.eletroinga_produtosetor_atualizado]  | Key: tenant.02929618000166.produtosetor.atualizado
2026-02-13 16:54:28: [X] A mensagem não será consumida, conteudo gerado por erp_integration... 
2026-02-13 16:54:28: [v] Recebido em [q.integracao.eletroinga_produtosetor_atualizado]  | Key: tenant.02929618000166.produtosetor.atualizado
2026-02-13 16:54:28: [X] A mensagem não será consumida, conteudo gerado por erp_integration... 
2026-02-13 16:54:28: [v] Recebido em [q.integracao.eletroinga_produtosetor_atualizado]  | Key: tenant.02929618000166.produtosetor.atualizado
2026-02-13 16:54:28: [X] A mensagem não será consumida, conteudo gerado por erp_integration... 
2026-02-13 16:54:28: [v] Recebido em [q.integracao.eletroinga_produtosetor_atualizado]  | Key: tenant.02929618000166.produtosetor.atualizado
2026-02-13 16:54:28: [X] A mensagem não será consumida, conteudo gerado por erp_integration... 
2026-02-13 16:54:28: [v] Recebido em [q.integracao.eletroinga_produtosetor_atualizado]  | Key: tenant.02929618000166.produtosetor.atualizado
2026-02-13 16:54:28: [X] A mensagem não será consumida, conteudo gerado por erp_integration... 
2026-02-13 16:54:28: [v] Recebido em [q.integracao.eletroinga_produtosetor_atualizado]  | Key: tenant.02929618000166.produtosetor.atualizado
2026-02-13 16:54:28: [X] A mensagem não será consumida, conteudo gerado por erp_integration... 
2026-02-13 16:54:28: [v] Recebido em [q.integracao.eletroinga_produtosetor_atualizado]  | Key: tenant.02929618000166.produtosetor.atualizado
2026-02-13 16:54:28: [X] A mensagem não será consumida, conteudo gerado por erp_integration... 
2026-02-13 16:54:28: [v] Recebido em [q.integracao.eletroinga_produtosetor_atualizado]  | Key: tenant.02929618000166.produtosetor.atualizado
2026-02-13 16:54:28: [X] A mensagem não será consumida, conteudo gerado por erp_integration... 
2026-02-13 16:54:28: [v] Recebido em [q.integracao.eletroinga_produtosetor_atualizado]  | Key: tenant.02929618000166.produtosetor.atualizado
2026-02-13 16:54:28: [X] A mensagem não será consumida, conteudo gerado por erp_integration... 
2026-02-13 16:54:28: [v] Recebido em [q.integracao.eletroinga_produtosetor_atualizado]  | Key: tenant.02929618000166.produtosetor.atualizado
2026-02-13 16:54:28: [X] A mensagem não será consumida, conteudo gerado por erp_integration... 
2026-02-13 16:54:28: [v] Recebido em [q.integracao.eletroinga_produtosetor_atualizado]  | Key: tenant.02929618000166.produtosetor.atualizado
2026-02-13 16:54:28: [X] A mensagem não será consumida, conteudo gerado por erp_integration... 
2026-02-13 16:54:28: [*] Worker iniciado na fila [q.integracao.eletroinga_movimentosprodutos_inserido ] ouvindo  tenant.02929618000166.movimentosprodutos.inserido
